Determining if the pthread_create exist failed with the following output:
Change Dir: /home/fj/ros/navmap/build/CMakeFiles/CMakeTmp

Run Build Command:/usr/bin/make "cmTryCompileExec2310969769/fast"
/usr/bin/make -f CMakeFiles/cmTryCompileExec2310969769.dir/build.make CMakeFiles/cmTryCompileExec2310969769.dir/build
make[1]: Entering directory `/home/fj/ros/navmap/build/CMakeFiles/CMakeTmp'
/usr/bin/cmake -E cmake_progress_report /home/fj/ros/navmap/build/CMakeFiles/CMakeTmp/CMakeFiles 1
Building C object CMakeFiles/cmTryCompileExec2310969769.dir/CheckSymbolExists.c.o
/usr/bin/cc    -o CMakeFiles/cmTryCompileExec2310969769.dir/CheckSymbolExists.c.o   -c /home/fj/ros/navmap/build/CMakeFiles/CMakeTmp/CheckSymbolExists.c
Linking C executable cmTryCompileExec2310969769
/usr/bin/cmake -E cmake_link_script CMakeFiles/cmTryCompileExec2310969769.dir/link.txt --verbose=1
/usr/bin/cc       CMakeFiles/cmTryCompileExec2310969769.dir/CheckSymbolExists.c.o  -o cmTryCompileExec2310969769 -rdynamic 
CMakeFiles/cmTryCompileExec2310969769.dir/CheckSymbolExists.c.o: In function `main':
CheckSymbolExists.c:(.text+0x16): undefined reference to `pthread_create'
collect2: error: ld returned 1 exit status
make[1]: *** [cmTryCompileExec2310969769] Error 1
make[1]: Leaving directory `/home/fj/ros/navmap/build/CMakeFiles/CMakeTmp'
make: *** [cmTryCompileExec2310969769/fast] Error 2

File /home/fj/ros/navmap/build/CMakeFiles/CMakeTmp/CheckSymbolExists.c:
/* */
#include <pthread.h>

int main(int argc, char** argv)
{
  (void)argv;
#ifndef pthread_create
  return ((int*)(&pthread_create))[argc];
#else
  (void)argc;
  return 0;
#endif
}

Determining if the function pthread_create exists in the pthreads failed with the following output:
Change Dir: /home/fj/ros/navmap/build/CMakeFiles/CMakeTmp

Run Build Command:/usr/bin/make "cmTryCompileExec3768343033/fast"
/usr/bin/make -f CMakeFiles/cmTryCompileExec3768343033.dir/build.make CMakeFiles/cmTryCompileExec3768343033.dir/build
make[1]: Entering directory `/home/fj/ros/navmap/build/CMakeFiles/CMakeTmp'
/usr/bin/cmake -E cmake_progress_report /home/fj/ros/navmap/build/CMakeFiles/CMakeTmp/CMakeFiles 1
Building C object CMakeFiles/cmTryCompileExec3768343033.dir/CheckFunctionExists.c.o
/usr/bin/cc   -DCHECK_FUNCTION_EXISTS=pthread_create   -o CMakeFiles/cmTryCompileExec3768343033.dir/CheckFunctionExists.c.o   -c /usr/share/cmake-2.8/Modules/CheckFunctionExists.c
Linking C executable cmTryCompileExec3768343033
/usr/bin/cmake -E cmake_link_script CMakeFiles/cmTryCompileExec3768343033.dir/link.txt --verbose=1
/usr/bin/cc   -DCHECK_FUNCTION_EXISTS=pthread_create    CMakeFiles/cmTryCompileExec3768343033.dir/CheckFunctionExists.c.o  -o cmTryCompileExec3768343033 -rdynamic -lpthreads 
/usr/bin/ld: cannot find -lpthreads
collect2: error: ld returned 1 exit status
make[1]: *** [cmTryCompileExec3768343033] Error 1
make[1]: Leaving directory `/home/fj/ros/navmap/build/CMakeFiles/CMakeTmp'
make: *** [cmTryCompileExec3768343033/fast] Error 2


